  MyForm.cpp
F:\3 курс\3 курс 1 семестр\КСКС\ЛР 8\ksks41\ksks41\MyForm.h(253,61): warning C4244: аргумент: преобразование "int" в "float", возможна потеря данных
F:\3 курс\3 курс 1 семестр\КСКС\ЛР 8\ksks41\ksks41\MyForm.h(256,71): warning C4244: аргумент: преобразование "int" в "float", возможна потеря данных
F:\3 курс\3 курс 1 семестр\КСКС\ЛР 8\ksks41\ksks41\MyForm.h(259,69): warning C4244: аргумент: преобразование "int" в "float", возможна потеря данных
F:\3 курс\3 курс 1 семестр\КСКС\ЛР 8\ksks41\ksks41\MyForm.h(267,38): warning C4244: аргумент: преобразование "int" в "float", возможна потеря данных
F:\3 курс\3 курс 1 семестр\КСКС\ЛР 8\ksks41\ksks41\MyForm.h(272,49): warning C4244: аргумент: преобразование "int" в "float", возможна потеря данных
F:\3 курс\3 курс 1 семестр\КСКС\ЛР 8\ksks41\ksks41\MyForm.h(272,46): warning C4244: аргумент: преобразование "int" в "float", возможна потеря данных
F:\3 курс\3 курс 1 семестр\КСКС\ЛР 8\ksks41\ksks41\MyForm.h(287,61): warning C4244: аргумент: преобразование "int" в "float", возможна потеря данных
F:\3 курс\3 курс 1 семестр\КСКС\ЛР 8\ksks41\ksks41\MyForm.h(290,71): warning C4244: аргумент: преобразование "int" в "float", возможна потеря данных
F:\3 курс\3 курс 1 семестр\КСКС\ЛР 8\ksks41\ksks41\MyForm.h(293,69): warning C4244: аргумент: преобразование "int" в "float", возможна потеря данных
F:\3 курс\3 курс 1 семестр\КСКС\ЛР 8\ksks41\ksks41\MyForm.h(301,62): warning C4244: аргумент: преобразование "int" в "float", возможна потеря данных
F:\3 курс\3 курс 1 семестр\КСКС\ЛР 8\ksks41\ksks41\MyForm.h(301,59): warning C4244: аргумент: преобразование "int" в "float", возможна потеря данных
F:\3 курс\3 курс 1 семестр\КСКС\ЛР 8\ksks41\ksks41\MyForm.h(556,61): warning C4244: аргумент: преобразование "int" в "float", возможна потеря данных
F:\3 курс\3 курс 1 семестр\КСКС\ЛР 8\ksks41\ksks41\MyForm.h(559,71): warning C4244: аргумент: преобразование "int" в "float", возможна потеря данных
F:\3 курс\3 курс 1 семестр\КСКС\ЛР 8\ksks41\ksks41\MyForm.h(562,69): warning C4244: аргумент: преобразование "int" в "float", возможна потеря данных
F:\3 курс\3 курс 1 семестр\КСКС\ЛР 8\ksks41\ksks41\MyForm.h(577,63): warning C4244: аргумент: преобразование "int" в "float", возможна потеря данных
F:\3 курс\3 курс 1 семестр\КСКС\ЛР 8\ksks41\ksks41\MyForm.h(577,60): warning C4244: аргумент: преобразование "int" в "float", возможна потеря данных
F:\3 курс\3 курс 1 семестр\КСКС\ЛР 8\ksks41\ksks41\MyForm.h(1009,57): warning C4101: e: неиспользованная локальная переменная
  .NETFramework,Version=v4.7.2.AssemblyAttributes.cpp
  Создание кода...
  MyForm.obj : обнаружен модуль MSIL; для MSIL последовательная компоновка отключена; выполняется полная компоновка
  ksks41.vcxproj -> F:\3 курс\3 курс 1 семестр\КСКС\ЛР 8\ksks41\x64\Debug\ksks41.exe
